c:\users\a1exdandy1\documents\visual studio 2013\projects\filesystemdriver\x64\win7debug\filesystemdriver.sys
c:\users\a1exdandy1\documents\visual studio 2013\projects\filesystemdriver\filesystemdriver\x64\win7debug\filesystemdriver.inf
c:\users\a1exdandy1\documents\visual studio 2013\projects\filesystemdriver\filesystemdriver\x64\win7debug\vc120.pdb
c:\users\a1exdandy1\documents\visual studio 2013\projects\filesystemdriver\filesystemdriver\x64\win7debug\filesystemdriver.obj
c:\users\a1exdandy1\documents\visual studio 2013\projects\filesystemdriver\x64\win7debug\filesystemdriver.pdb
c:\users\a1exdandy1\documents\visual studio 2013\projects\filesystemdriver\filesystemdriver\x64\win7debug\filesystemdriver.res
c:\users\a1exdandy1\documents\visual studio 2013\projects\filesystemdriver\x64\win7debug\filesystemdriver.cer
c:\users\a1exdandy1\documents\visual studio 2013\projects\filesystemdriver\x64\win7debug\filesystemdriver.inf
c:\users\a1exdandy1\documents\visual studio 2013\projects\filesystemdriver\filesystemdriver\x64\win7debug\signtool.command.1.tlog
c:\users\a1exdandy1\documents\visual studio 2013\projects\filesystemdriver\filesystemdriver\x64\win7debug\signtool.read.1.tlog
c:\users\a1exdandy1\documents\visual studio 2013\projects\filesystemdriver\filesystemdriver\x64\win7debug\signtool.write.1.tlog
c:\users\a1exdandy1\documents\visual studio 2013\projects\filesystemdriver\filesystemdriver\x64\win7debug\stampinf.command.1.tlog
c:\users\a1exdandy1\documents\visual studio 2013\projects\filesystemdriver\filesystemdriver\x64\win7debug\stampinf.read.1.tlog
c:\users\a1exdandy1\documents\visual studio 2013\projects\filesystemdriver\filesystemdriver\x64\win7debug\stampinf.write.1.tlog
c:\users\a1exdandy1\documents\visual studio 2013\projects\filesystemdriver\filesystemdriver\x64\win7debug\filesystemdriver.tlog\cl.command.1.tlog
c:\users\a1exdandy1\documents\visual studio 2013\projects\filesystemdriver\filesystemdriver\x64\win7debug\filesystemdriver.tlog\cl.read.1.tlog
c:\users\a1exdandy1\documents\visual studio 2013\projects\filesystemdriver\filesystemdriver\x64\win7debug\filesystemdriver.tlog\cl.write.1.tlog
c:\users\a1exdandy1\documents\visual studio 2013\projects\filesystemdriver\filesystemdriver\x64\win7debug\filesystemdriver.tlog\link.command.1.tlog
c:\users\a1exdandy1\documents\visual studio 2013\projects\filesystemdriver\filesystemdriver\x64\win7debug\filesystemdriver.tlog\link.read.1.tlog
c:\users\a1exdandy1\documents\visual studio 2013\projects\filesystemdriver\filesystemdriver\x64\win7debug\filesystemdriver.tlog\link.write.1.tlog
c:\users\a1exdandy1\documents\visual studio 2013\projects\filesystemdriver\filesystemdriver\x64\win7debug\filesystemdriver.tlog\rc.command.1.tlog
c:\users\a1exdandy1\documents\visual studio 2013\projects\filesystemdriver\filesystemdriver\x64\win7debug\filesystemdriver.tlog\rc.read.1.tlog
c:\users\a1exdandy1\documents\visual studio 2013\projects\filesystemdriver\filesystemdriver\x64\win7debug\filesystemdriver.tlog\rc.write.1.tlog
