c:\users\a1exdandy1\documents\visual studio 2013\projects\filesystemdriver\x64\win7debug\filesystemdriver package\filesystemdriver.cat
c:\users\a1exdandy1\documents\visual studio 2013\projects\filesystemdriver\x64\win7debug\filesystemdriverpackage.cer
c:\users\a1exdandy1\documents\visual studio 2013\projects\filesystemdriver\filesystemdriver package\x64\win7debug\filesystemdriver package.vcxprojresolveassemblyreference.cache
c:\users\a1exdandy1\documents\visual studio 2013\projects\filesystemdriver\filesystemdriver package\x64\win7debug\inf2cat-expand.1008.read.1.tlog
c:\users\a1exdandy1\documents\visual studio 2013\projects\filesystemdriver\filesystemdriver package\x64\win7debug\inf2cat-expand.1008.write.1.tlog
c:\users\a1exdandy1\documents\visual studio 2013\projects\filesystemdriver\filesystemdriver package\x64\win7debug\inf2cat-expand.1060.read.1.tlog
c:\users\a1exdandy1\documents\visual studio 2013\projects\filesystemdriver\filesystemdriver package\x64\win7debug\inf2cat-expand.1060.write.1.tlog
c:\users\a1exdandy1\documents\visual studio 2013\projects\filesystemdriver\filesystemdriver package\x64\win7debug\inf2cat-expand.1252.read.1.tlog
c:\users\a1exdandy1\documents\visual studio 2013\projects\filesystemdriver\filesystemdriver package\x64\win7debug\inf2cat-expand.1252.write.1.tlog
c:\users\a1exdandy1\documents\visual studio 2013\projects\filesystemdriver\filesystemdriver package\x64\win7debug\inf2cat-expand.1424.read.1.tlog
c:\users\a1exdandy1\documents\visual studio 2013\projects\filesystemdriver\filesystemdriver package\x64\win7debug\inf2cat-expand.1424.write.1.tlog
c:\users\a1exdandy1\documents\visual studio 2013\projects\filesystemdriver\filesystemdriver package\x64\win7debug\inf2cat-expand.1432.read.1.tlog
c:\users\a1exdandy1\documents\visual studio 2013\projects\filesystemdriver\filesystemdriver package\x64\win7debug\inf2cat-expand.1432.write.1.tlog
c:\users\a1exdandy1\documents\visual studio 2013\projects\filesystemdriver\filesystemdriver package\x64\win7debug\inf2cat-expand.1440.read.1.tlog
c:\users\a1exdandy1\documents\visual studio 2013\projects\filesystemdriver\filesystemdriver package\x64\win7debug\inf2cat-expand.1440.write.1.tlog
c:\users\a1exdandy1\documents\visual studio 2013\projects\filesystemdriver\filesystemdriver package\x64\win7debug\inf2cat-expand.1824.read.1.tlog
c:\users\a1exdandy1\documents\visual studio 2013\projects\filesystemdriver\filesystemdriver package\x64\win7debug\inf2cat-expand.1824.write.1.tlog
c:\users\a1exdandy1\documents\visual studio 2013\projects\filesystemdriver\filesystemdriver package\x64\win7debug\inf2cat-expand.1868.read.1.tlog
c:\users\a1exdandy1\documents\visual studio 2013\projects\filesystemdriver\filesystemdriver package\x64\win7debug\inf2cat-expand.1868.write.1.tlog
c:\users\a1exdandy1\documents\visual studio 2013\projects\filesystemdriver\filesystemdriver package\x64\win7debug\inf2cat-expand.2072.read.1.tlog
c:\users\a1exdandy1\documents\visual studio 2013\projects\filesystemdriver\filesystemdriver package\x64\win7debug\inf2cat-expand.2072.write.1.tlog
c:\users\a1exdandy1\documents\visual studio 2013\projects\filesystemdriver\filesystemdriver package\x64\win7debug\inf2cat-expand.2496.read.1.tlog
c:\users\a1exdandy1\documents\visual studio 2013\projects\filesystemdriver\filesystemdriver package\x64\win7debug\inf2cat-expand.2496.write.1.tlog
c:\users\a1exdandy1\documents\visual studio 2013\projects\filesystemdriver\filesystemdriver package\x64\win7debug\inf2cat-expand.2512.read.1.tlog
c:\users\a1exdandy1\documents\visual studio 2013\projects\filesystemdriver\filesystemdriver package\x64\win7debug\inf2cat-expand.2512.write.1.tlog
c:\users\a1exdandy1\documents\visual studio 2013\projects\filesystemdriver\filesystemdriver package\x64\win7debug\inf2cat-expand.2520.read.1.tlog
c:\users\a1exdandy1\documents\visual studio 2013\projects\filesystemdriver\filesystemdriver package\x64\win7debug\inf2cat-expand.2520.write.1.tlog
c:\users\a1exdandy1\documents\visual studio 2013\projects\filesystemdriver\filesystemdriver package\x64\win7debug\inf2cat-expand.2808.read.1.tlog
c:\users\a1exdandy1\documents\visual studio 2013\projects\filesystemdriver\filesystemdriver package\x64\win7debug\inf2cat-expand.2808.write.1.tlog
c:\users\a1exdandy1\documents\visual studio 2013\projects\filesystemdriver\filesystemdriver package\x64\win7debug\inf2cat-expand.2844.read.1.tlog
c:\users\a1exdandy1\documents\visual studio 2013\projects\filesystemdriver\filesystemdriver package\x64\win7debug\inf2cat-expand.2844.write.1.tlog
c:\users\a1exdandy1\documents\visual studio 2013\projects\filesystemdriver\filesystemdriver package\x64\win7debug\inf2cat-expand.2864.read.1.tlog
c:\users\a1exdandy1\documents\visual studio 2013\projects\filesystemdriver\filesystemdriver package\x64\win7debug\inf2cat-expand.2864.write.1.tlog
c:\users\a1exdandy1\documents\visual studio 2013\projects\filesystemdriver\filesystemdriver package\x64\win7debug\inf2cat-expand.2872.read.1.tlog
c:\users\a1exdandy1\documents\visual studio 2013\projects\filesystemdriver\filesystemdriver package\x64\win7debug\inf2cat-expand.2872.write.1.tlog
c:\users\a1exdandy1\documents\visual studio 2013\projects\filesystemdriver\filesystemdriver package\x64\win7debug\inf2cat-expand.2960.read.1.tlog
c:\users\a1exdandy1\documents\visual studio 2013\projects\filesystemdriver\filesystemdriver package\x64\win7debug\inf2cat-expand.2960.write.1.tlog
c:\users\a1exdandy1\documents\visual studio 2013\projects\filesystemdriver\filesystemdriver package\x64\win7debug\inf2cat-expand.3080.read.1.tlog
c:\users\a1exdandy1\documents\visual studio 2013\projects\filesystemdriver\filesystemdriver package\x64\win7debug\inf2cat-expand.3080.write.1.tlog
c:\users\a1exdandy1\documents\visual studio 2013\projects\filesystemdriver\filesystemdriver package\x64\win7debug\inf2cat-expand.3136.read.1.tlog
c:\users\a1exdandy1\documents\visual studio 2013\projects\filesystemdriver\filesystemdriver package\x64\win7debug\inf2cat-expand.3136.write.1.tlog
c:\users\a1exdandy1\documents\visual studio 2013\projects\filesystemdriver\filesystemdriver package\x64\win7debug\inf2cat-expand.3244.read.1.tlog
c:\users\a1exdandy1\documents\visual studio 2013\projects\filesystemdriver\filesystemdriver package\x64\win7debug\inf2cat-expand.3244.write.1.tlog
c:\users\a1exdandy1\documents\visual studio 2013\projects\filesystemdriver\filesystemdriver package\x64\win7debug\inf2cat-expand.3352.read.1.tlog
c:\users\a1exdandy1\documents\visual studio 2013\projects\filesystemdriver\filesystemdriver package\x64\win7debug\inf2cat-expand.3352.write.1.tlog
c:\users\a1exdandy1\documents\visual studio 2013\projects\filesystemdriver\filesystemdriver package\x64\win7debug\inf2cat-expand.3380.read.1.tlog
c:\users\a1exdandy1\documents\visual studio 2013\projects\filesystemdriver\filesystemdriver package\x64\win7debug\inf2cat-expand.3380.write.1.tlog
c:\users\a1exdandy1\documents\visual studio 2013\projects\filesystemdriver\filesystemdriver package\x64\win7debug\inf2cat-expand.3460.read.1.tlog
c:\users\a1exdandy1\documents\visual studio 2013\projects\filesystemdriver\filesystemdriver package\x64\win7debug\inf2cat-expand.3460.write.1.tlog
c:\users\a1exdandy1\documents\visual studio 2013\projects\filesystemdriver\filesystemdriver package\x64\win7debug\inf2cat-expand.3500.read.1.tlog
c:\users\a1exdandy1\documents\visual studio 2013\projects\filesystemdriver\filesystemdriver package\x64\win7debug\inf2cat-expand.3500.write.1.tlog
c:\users\a1exdandy1\documents\visual studio 2013\projects\filesystemdriver\filesystemdriver package\x64\win7debug\inf2cat-expand.356.read.1.tlog
c:\users\a1exdandy1\documents\visual studio 2013\projects\filesystemdriver\filesystemdriver package\x64\win7debug\inf2cat-expand.356.write.1.tlog
c:\users\a1exdandy1\documents\visual studio 2013\projects\filesystemdriver\filesystemdriver package\x64\win7debug\inf2cat-expand.3648.read.1.tlog
c:\users\a1exdandy1\documents\visual studio 2013\projects\filesystemdriver\filesystemdriver package\x64\win7debug\inf2cat-expand.3648.write.1.tlog
c:\users\a1exdandy1\documents\visual studio 2013\projects\filesystemdriver\filesystemdriver package\x64\win7debug\inf2cat-expand.3664.read.1.tlog
c:\users\a1exdandy1\documents\visual studio 2013\projects\filesystemdriver\filesystemdriver package\x64\win7debug\inf2cat-expand.3664.write.1.tlog
c:\users\a1exdandy1\documents\visual studio 2013\projects\filesystemdriver\filesystemdriver package\x64\win7debug\inf2cat-expand.3680.read.1.tlog
c:\users\a1exdandy1\documents\visual studio 2013\projects\filesystemdriver\filesystemdriver package\x64\win7debug\inf2cat-expand.3680.write.1.tlog
c:\users\a1exdandy1\documents\visual studio 2013\projects\filesystemdriver\filesystemdriver package\x64\win7debug\inf2cat-expand.3684.read.1.tlog
c:\users\a1exdandy1\documents\visual studio 2013\projects\filesystemdriver\filesystemdriver package\x64\win7debug\inf2cat-expand.3684.write.1.tlog
c:\users\a1exdandy1\documents\visual studio 2013\projects\filesystemdriver\filesystemdriver package\x64\win7debug\inf2cat-expand.3736.read.1.tlog
c:\users\a1exdandy1\documents\visual studio 2013\projects\filesystemdriver\filesystemdriver package\x64\win7debug\inf2cat-expand.3736.write.1.tlog
c:\users\a1exdandy1\documents\visual studio 2013\projects\filesystemdriver\filesystemdriver package\x64\win7debug\inf2cat-expand.3740.read.1.tlog
c:\users\a1exdandy1\documents\visual studio 2013\projects\filesystemdriver\filesystemdriver package\x64\win7debug\inf2cat-expand.3740.write.1.tlog
c:\users\a1exdandy1\documents\visual studio 2013\projects\filesystemdriver\filesystemdriver package\x64\win7debug\inf2cat-expand.3776.read.1.tlog
c:\users\a1exdandy1\documents\visual studio 2013\projects\filesystemdriver\filesystemdriver package\x64\win7debug\inf2cat-expand.3776.write.1.tlog
c:\users\a1exdandy1\documents\visual studio 2013\projects\filesystemdriver\filesystemdriver package\x64\win7debug\inf2cat-expand.3844.read.1.tlog
c:\users\a1exdandy1\documents\visual studio 2013\projects\filesystemdriver\filesystemdriver package\x64\win7debug\inf2cat-expand.3844.write.1.tlog
c:\users\a1exdandy1\documents\visual studio 2013\projects\filesystemdriver\filesystemdriver package\x64\win7debug\inf2cat-expand.3952.read.1.tlog
c:\users\a1exdandy1\documents\visual studio 2013\projects\filesystemdriver\filesystemdriver package\x64\win7debug\inf2cat-expand.3952.write.1.tlog
c:\users\a1exdandy1\documents\visual studio 2013\projects\filesystemdriver\filesystemdriver package\x64\win7debug\inf2cat-expand.4008.read.1.tlog
c:\users\a1exdandy1\documents\visual studio 2013\projects\filesystemdriver\filesystemdriver package\x64\win7debug\inf2cat-expand.4008.write.1.tlog
c:\users\a1exdandy1\documents\visual studio 2013\projects\filesystemdriver\filesystemdriver package\x64\win7debug\inf2cat-expand.4048.read.1.tlog
c:\users\a1exdandy1\documents\visual studio 2013\projects\filesystemdriver\filesystemdriver package\x64\win7debug\inf2cat-expand.4048.write.1.tlog
c:\users\a1exdandy1\documents\visual studio 2013\projects\filesystemdriver\filesystemdriver package\x64\win7debug\inf2cat-expand.4068.read.1.tlog
c:\users\a1exdandy1\documents\visual studio 2013\projects\filesystemdriver\filesystemdriver package\x64\win7debug\inf2cat-expand.4068.write.1.tlog
c:\users\a1exdandy1\documents\visual studio 2013\projects\filesystemdriver\filesystemdriver package\x64\win7debug\inf2cat-expand.4124.read.1.tlog
c:\users\a1exdandy1\documents\visual studio 2013\projects\filesystemdriver\filesystemdriver package\x64\win7debug\inf2cat-expand.4124.write.1.tlog
c:\users\a1exdandy1\documents\visual studio 2013\projects\filesystemdriver\filesystemdriver package\x64\win7debug\inf2cat-expand.4136.read.1.tlog
c:\users\a1exdandy1\documents\visual studio 2013\projects\filesystemdriver\filesystemdriver package\x64\win7debug\inf2cat-expand.4136.write.1.tlog
c:\users\a1exdandy1\documents\visual studio 2013\projects\filesystemdriver\filesystemdriver package\x64\win7debug\inf2cat-expand.4168.read.1.tlog
c:\users\a1exdandy1\documents\visual studio 2013\projects\filesystemdriver\filesystemdriver package\x64\win7debug\inf2cat-expand.4168.write.1.tlog
c:\users\a1exdandy1\documents\visual studio 2013\projects\filesystemdriver\filesystemdriver package\x64\win7debug\inf2cat-expand.4256.read.1.tlog
c:\users\a1exdandy1\documents\visual studio 2013\projects\filesystemdriver\filesystemdriver package\x64\win7debug\inf2cat-expand.4256.write.1.tlog
c:\users\a1exdandy1\documents\visual studio 2013\projects\filesystemdriver\filesystemdriver package\x64\win7debug\inf2cat-expand.4336.read.1.tlog
c:\users\a1exdandy1\documents\visual studio 2013\projects\filesystemdriver\filesystemdriver package\x64\win7debug\inf2cat-expand.4336.write.1.tlog
c:\users\a1exdandy1\documents\visual studio 2013\projects\filesystemdriver\filesystemdriver package\x64\win7debug\inf2cat-expand.4392.read.1.tlog
c:\users\a1exdandy1\documents\visual studio 2013\projects\filesystemdriver\filesystemdriver package\x64\win7debug\inf2cat-expand.4392.write.1.tlog
c:\users\a1exdandy1\documents\visual studio 2013\projects\filesystemdriver\filesystemdriver package\x64\win7debug\inf2cat-expand.4448.read.1.tlog
c:\users\a1exdandy1\documents\visual studio 2013\projects\filesystemdriver\filesystemdriver package\x64\win7debug\inf2cat-expand.4448.write.1.tlog
c:\users\a1exdandy1\documents\visual studio 2013\projects\filesystemdriver\filesystemdriver package\x64\win7debug\inf2cat-expand.4504.read.1.tlog
c:\users\a1exdandy1\documents\visual studio 2013\projects\filesystemdriver\filesystemdriver package\x64\win7debug\inf2cat-expand.4504.write.1.tlog
c:\users\a1exdandy1\documents\visual studio 2013\projects\filesystemdriver\filesystemdriver package\x64\win7debug\inf2cat-expand.4568.read.1.tlog
c:\users\a1exdandy1\documents\visual studio 2013\projects\filesystemdriver\filesystemdriver package\x64\win7debug\inf2cat-expand.4568.write.1.tlog
c:\users\a1exdandy1\documents\visual studio 2013\projects\filesystemdriver\filesystemdriver package\x64\win7debug\inf2cat-expand.4592.read.1.tlog
c:\users\a1exdandy1\documents\visual studio 2013\projects\filesystemdriver\filesystemdriver package\x64\win7debug\inf2cat-expand.4592.write.1.tlog
c:\users\a1exdandy1\documents\visual studio 2013\projects\filesystemdriver\filesystemdriver package\x64\win7debug\inf2cat-expand.4600.read.1.tlog
c:\users\a1exdandy1\documents\visual studio 2013\projects\filesystemdriver\filesystemdriver package\x64\win7debug\inf2cat-expand.4600.write.1.tlog
c:\users\a1exdandy1\documents\visual studio 2013\projects\filesystemdriver\filesystemdriver package\x64\win7debug\inf2cat-expand.4728.read.1.tlog
c:\users\a1exdandy1\documents\visual studio 2013\projects\filesystemdriver\filesystemdriver package\x64\win7debug\inf2cat-expand.4728.write.1.tlog
c:\users\a1exdandy1\documents\visual studio 2013\projects\filesystemdriver\filesystemdriver package\x64\win7debug\inf2cat-expand.484.read.1.tlog
c:\users\a1exdandy1\documents\visual studio 2013\projects\filesystemdriver\filesystemdriver package\x64\win7debug\inf2cat-expand.484.write.1.tlog
c:\users\a1exdandy1\documents\visual studio 2013\projects\filesystemdriver\filesystemdriver package\x64\win7debug\inf2cat-expand.4860.read.1.tlog
c:\users\a1exdandy1\documents\visual studio 2013\projects\filesystemdriver\filesystemdriver package\x64\win7debug\inf2cat-expand.4860.write.1.tlog
c:\users\a1exdandy1\documents\visual studio 2013\projects\filesystemdriver\filesystemdriver package\x64\win7debug\inf2cat-expand.4912.read.1.tlog
c:\users\a1exdandy1\documents\visual studio 2013\projects\filesystemdriver\filesystemdriver package\x64\win7debug\inf2cat-expand.4912.write.1.tlog
c:\users\a1exdandy1\documents\visual studio 2013\projects\filesystemdriver\filesystemdriver package\x64\win7debug\inf2cat-expand.4916.read.1.tlog
c:\users\a1exdandy1\documents\visual studio 2013\projects\filesystemdriver\filesystemdriver package\x64\win7debug\inf2cat-expand.4916.write.1.tlog
c:\users\a1exdandy1\documents\visual studio 2013\projects\filesystemdriver\filesystemdriver package\x64\win7debug\inf2cat-expand.4980.read.1.tlog
c:\users\a1exdandy1\documents\visual studio 2013\projects\filesystemdriver\filesystemdriver package\x64\win7debug\inf2cat-expand.4980.write.1.tlog
c:\users\a1exdandy1\documents\visual studio 2013\projects\filesystemdriver\filesystemdriver package\x64\win7debug\inf2cat-expand.5060.read.1.tlog
c:\users\a1exdandy1\documents\visual studio 2013\projects\filesystemdriver\filesystemdriver package\x64\win7debug\inf2cat-expand.5060.write.1.tlog
c:\users\a1exdandy1\documents\visual studio 2013\projects\filesystemdriver\filesystemdriver package\x64\win7debug\inf2cat-expand.5072.read.1.tlog
c:\users\a1exdandy1\documents\visual studio 2013\projects\filesystemdriver\filesystemdriver package\x64\win7debug\inf2cat-expand.5072.write.1.tlog
c:\users\a1exdandy1\documents\visual studio 2013\projects\filesystemdriver\filesystemdriver package\x64\win7debug\inf2cat-expand.5232.read.1.tlog
c:\users\a1exdandy1\documents\visual studio 2013\projects\filesystemdriver\filesystemdriver package\x64\win7debug\inf2cat-expand.5232.write.1.tlog
c:\users\a1exdandy1\documents\visual studio 2013\projects\filesystemdriver\filesystemdriver package\x64\win7debug\inf2cat-expand.5416.read.1.tlog
c:\users\a1exdandy1\documents\visual studio 2013\projects\filesystemdriver\filesystemdriver package\x64\win7debug\inf2cat-expand.5416.write.1.tlog
c:\users\a1exdandy1\documents\visual studio 2013\projects\filesystemdriver\filesystemdriver package\x64\win7debug\inf2cat-expand.5420.read.1.tlog
c:\users\a1exdandy1\documents\visual studio 2013\projects\filesystemdriver\filesystemdriver package\x64\win7debug\inf2cat-expand.5420.write.1.tlog
c:\users\a1exdandy1\documents\visual studio 2013\projects\filesystemdriver\filesystemdriver package\x64\win7debug\inf2cat-expand.5428.read.1.tlog
c:\users\a1exdandy1\documents\visual studio 2013\projects\filesystemdriver\filesystemdriver package\x64\win7debug\inf2cat-expand.5428.write.1.tlog
c:\users\a1exdandy1\documents\visual studio 2013\projects\filesystemdriver\filesystemdriver package\x64\win7debug\inf2cat-expand.5484.read.1.tlog
c:\users\a1exdandy1\documents\visual studio 2013\projects\filesystemdriver\filesystemdriver package\x64\win7debug\inf2cat-expand.5484.write.1.tlog
c:\users\a1exdandy1\documents\visual studio 2013\projects\filesystemdriver\filesystemdriver package\x64\win7debug\inf2cat-expand.5564.read.1.tlog
c:\users\a1exdandy1\documents\visual studio 2013\projects\filesystemdriver\filesystemdriver package\x64\win7debug\inf2cat-expand.5564.write.1.tlog
c:\users\a1exdandy1\documents\visual studio 2013\projects\filesystemdriver\filesystemdriver package\x64\win7debug\inf2cat-expand.5592.read.1.tlog
c:\users\a1exdandy1\documents\visual studio 2013\projects\filesystemdriver\filesystemdriver package\x64\win7debug\inf2cat-expand.5592.write.1.tlog
c:\users\a1exdandy1\documents\visual studio 2013\projects\filesystemdriver\filesystemdriver package\x64\win7debug\inf2cat-expand.5704.read.1.tlog
c:\users\a1exdandy1\documents\visual studio 2013\projects\filesystemdriver\filesystemdriver package\x64\win7debug\inf2cat-expand.5704.write.1.tlog
c:\users\a1exdandy1\documents\visual studio 2013\projects\filesystemdriver\filesystemdriver package\x64\win7debug\inf2cat-expand.5732.read.1.tlog
c:\users\a1exdandy1\documents\visual studio 2013\projects\filesystemdriver\filesystemdriver package\x64\win7debug\inf2cat-expand.5732.write.1.tlog
c:\users\a1exdandy1\documents\visual studio 2013\projects\filesystemdriver\filesystemdriver package\x64\win7debug\inf2cat-expand.5796.read.1.tlog
c:\users\a1exdandy1\documents\visual studio 2013\projects\filesystemdriver\filesystemdriver package\x64\win7debug\inf2cat-expand.5796.write.1.tlog
c:\users\a1exdandy1\documents\visual studio 2013\projects\filesystemdriver\filesystemdriver package\x64\win7debug\inf2cat-expand.5888.read.1.tlog
c:\users\a1exdandy1\documents\visual studio 2013\projects\filesystemdriver\filesystemdriver package\x64\win7debug\inf2cat-expand.5888.write.1.tlog
c:\users\a1exdandy1\documents\visual studio 2013\projects\filesystemdriver\filesystemdriver package\x64\win7debug\inf2cat-expand.5892.read.1.tlog
c:\users\a1exdandy1\documents\visual studio 2013\projects\filesystemdriver\filesystemdriver package\x64\win7debug\inf2cat-expand.5892.write.1.tlog
c:\users\a1exdandy1\documents\visual studio 2013\projects\filesystemdriver\filesystemdriver package\x64\win7debug\inf2cat-expand.6000.read.1.tlog
c:\users\a1exdandy1\documents\visual studio 2013\projects\filesystemdriver\filesystemdriver package\x64\win7debug\inf2cat-expand.6000.write.1.tlog
c:\users\a1exdandy1\documents\visual studio 2013\projects\filesystemdriver\filesystemdriver package\x64\win7debug\inf2cat-expand.6012.read.1.tlog
c:\users\a1exdandy1\documents\visual studio 2013\projects\filesystemdriver\filesystemdriver package\x64\win7debug\inf2cat-expand.6012.write.1.tlog
c:\users\a1exdandy1\documents\visual studio 2013\projects\filesystemdriver\filesystemdriver package\x64\win7debug\inf2cat-expand.6068.read.1.tlog
c:\users\a1exdandy1\documents\visual studio 2013\projects\filesystemdriver\filesystemdriver package\x64\win7debug\inf2cat-expand.6068.write.1.tlog
c:\users\a1exdandy1\documents\visual studio 2013\projects\filesystemdriver\filesystemdriver package\x64\win7debug\inf2cat-expand.6088.read.1.tlog
c:\users\a1exdandy1\documents\visual studio 2013\projects\filesystemdriver\filesystemdriver package\x64\win7debug\inf2cat-expand.6088.write.1.tlog
c:\users\a1exdandy1\documents\visual studio 2013\projects\filesystemdriver\filesystemdriver package\x64\win7debug\inf2cat-expand.616.read.1.tlog
c:\users\a1exdandy1\documents\visual studio 2013\projects\filesystemdriver\filesystemdriver package\x64\win7debug\inf2cat-expand.616.write.1.tlog
c:\users\a1exdandy1\documents\visual studio 2013\projects\filesystemdriver\filesystemdriver package\x64\win7debug\inf2cat-expand.6164.read.1.tlog
c:\users\a1exdandy1\documents\visual studio 2013\projects\filesystemdriver\filesystemdriver package\x64\win7debug\inf2cat-expand.6164.write.1.tlog
c:\users\a1exdandy1\documents\visual studio 2013\projects\filesystemdriver\filesystemdriver package\x64\win7debug\inf2cat-expand.6168.read.1.tlog
c:\users\a1exdandy1\documents\visual studio 2013\projects\filesystemdriver\filesystemdriver package\x64\win7debug\inf2cat-expand.6168.write.1.tlog
c:\users\a1exdandy1\documents\visual studio 2013\projects\filesystemdriver\filesystemdriver package\x64\win7debug\inf2cat-expand.6240.read.1.tlog
c:\users\a1exdandy1\documents\visual studio 2013\projects\filesystemdriver\filesystemdriver package\x64\win7debug\inf2cat-expand.6240.write.1.tlog
c:\users\a1exdandy1\documents\visual studio 2013\projects\filesystemdriver\filesystemdriver package\x64\win7debug\inf2cat-expand.6252.read.1.tlog
c:\users\a1exdandy1\documents\visual studio 2013\projects\filesystemdriver\filesystemdriver package\x64\win7debug\inf2cat-expand.6252.write.1.tlog
c:\users\a1exdandy1\documents\visual studio 2013\projects\filesystemdriver\filesystemdriver package\x64\win7debug\inf2cat-expand.6308.read.1.tlog
c:\users\a1exdandy1\documents\visual studio 2013\projects\filesystemdriver\filesystemdriver package\x64\win7debug\inf2cat-expand.6308.write.1.tlog
c:\users\a1exdandy1\documents\visual studio 2013\projects\filesystemdriver\filesystemdriver package\x64\win7debug\inf2cat-expand.6396.read.1.tlog
c:\users\a1exdandy1\documents\visual studio 2013\projects\filesystemdriver\filesystemdriver package\x64\win7debug\inf2cat-expand.6396.write.1.tlog
c:\users\a1exdandy1\documents\visual studio 2013\projects\filesystemdriver\filesystemdriver package\x64\win7debug\inf2cat-expand.6404.read.1.tlog
c:\users\a1exdandy1\documents\visual studio 2013\projects\filesystemdriver\filesystemdriver package\x64\win7debug\inf2cat-expand.6404.write.1.tlog
c:\users\a1exdandy1\documents\visual studio 2013\projects\filesystemdriver\filesystemdriver package\x64\win7debug\inf2cat-expand.6408.read.1.tlog
c:\users\a1exdandy1\documents\visual studio 2013\projects\filesystemdriver\filesystemdriver package\x64\win7debug\inf2cat-expand.6408.write.1.tlog
c:\users\a1exdandy1\documents\visual studio 2013\projects\filesystemdriver\filesystemdriver package\x64\win7debug\inf2cat-expand.6416.read.1.tlog
c:\users\a1exdandy1\documents\visual studio 2013\projects\filesystemdriver\filesystemdriver package\x64\win7debug\inf2cat-expand.6416.write.1.tlog
c:\users\a1exdandy1\documents\visual studio 2013\projects\filesystemdriver\filesystemdriver package\x64\win7debug\inf2cat-expand.6444.read.1.tlog
c:\users\a1exdandy1\documents\visual studio 2013\projects\filesystemdriver\filesystemdriver package\x64\win7debug\inf2cat-expand.6444.write.1.tlog
c:\users\a1exdandy1\documents\visual studio 2013\projects\filesystemdriver\filesystemdriver package\x64\win7debug\inf2cat-expand.648.read.1.tlog
c:\users\a1exdandy1\documents\visual studio 2013\projects\filesystemdriver\filesystemdriver package\x64\win7debug\inf2cat-expand.648.write.1.tlog
c:\users\a1exdandy1\documents\visual studio 2013\projects\filesystemdriver\filesystemdriver package\x64\win7debug\inf2cat-expand.6480.read.1.tlog
c:\users\a1exdandy1\documents\visual studio 2013\projects\filesystemdriver\filesystemdriver package\x64\win7debug\inf2cat-expand.6480.write.1.tlog
c:\users\a1exdandy1\documents\visual studio 2013\projects\filesystemdriver\filesystemdriver package\x64\win7debug\inf2cat-expand.6488.read.1.tlog
c:\users\a1exdandy1\documents\visual studio 2013\projects\filesystemdriver\filesystemdriver package\x64\win7debug\inf2cat-expand.6488.write.1.tlog
c:\users\a1exdandy1\documents\visual studio 2013\projects\filesystemdriver\filesystemdriver package\x64\win7debug\inf2cat-expand.652.read.1.tlog
c:\users\a1exdandy1\documents\visual studio 2013\projects\filesystemdriver\filesystemdriver package\x64\win7debug\inf2cat-expand.652.write.1.tlog
c:\users\a1exdandy1\documents\visual studio 2013\projects\filesystemdriver\filesystemdriver package\x64\win7debug\inf2cat-expand.6584.read.1.tlog
c:\users\a1exdandy1\documents\visual studio 2013\projects\filesystemdriver\filesystemdriver package\x64\win7debug\inf2cat-expand.6584.write.1.tlog
c:\users\a1exdandy1\documents\visual studio 2013\projects\filesystemdriver\filesystemdriver package\x64\win7debug\inf2cat-expand.6604.read.1.tlog
c:\users\a1exdandy1\documents\visual studio 2013\projects\filesystemdriver\filesystemdriver package\x64\win7debug\inf2cat-expand.6604.write.1.tlog
c:\users\a1exdandy1\documents\visual studio 2013\projects\filesystemdriver\filesystemdriver package\x64\win7debug\inf2cat-expand.6624.read.1.tlog
c:\users\a1exdandy1\documents\visual studio 2013\projects\filesystemdriver\filesystemdriver package\x64\win7debug\inf2cat-expand.6624.write.1.tlog
c:\users\a1exdandy1\documents\visual studio 2013\projects\filesystemdriver\filesystemdriver package\x64\win7debug\inf2cat-expand.6684.read.1.tlog
c:\users\a1exdandy1\documents\visual studio 2013\projects\filesystemdriver\filesystemdriver package\x64\win7debug\inf2cat-expand.6684.write.1.tlog
c:\users\a1exdandy1\documents\visual studio 2013\projects\filesystemdriver\filesystemdriver package\x64\win7debug\inf2cat-expand.6768.read.1.tlog
c:\users\a1exdandy1\documents\visual studio 2013\projects\filesystemdriver\filesystemdriver package\x64\win7debug\inf2cat-expand.6768.write.1.tlog
c:\users\a1exdandy1\documents\visual studio 2013\projects\filesystemdriver\filesystemdriver package\x64\win7debug\inf2cat-expand.6780.read.1.tlog
c:\users\a1exdandy1\documents\visual studio 2013\projects\filesystemdriver\filesystemdriver package\x64\win7debug\inf2cat-expand.6780.write.1.tlog
c:\users\a1exdandy1\documents\visual studio 2013\projects\filesystemdriver\filesystemdriver package\x64\win7debug\inf2cat-expand.6816.read.1.tlog
c:\users\a1exdandy1\documents\visual studio 2013\projects\filesystemdriver\filesystemdriver package\x64\win7debug\inf2cat-expand.6816.write.1.tlog
c:\users\a1exdandy1\documents\visual studio 2013\projects\filesystemdriver\filesystemdriver package\x64\win7debug\inf2cat-expand.6832.read.1.tlog
c:\users\a1exdandy1\documents\visual studio 2013\projects\filesystemdriver\filesystemdriver package\x64\win7debug\inf2cat-expand.6832.write.1.tlog
c:\users\a1exdandy1\documents\visual studio 2013\projects\filesystemdriver\filesystemdriver package\x64\win7debug\inf2cat-expand.6840.read.1.tlog
c:\users\a1exdandy1\documents\visual studio 2013\projects\filesystemdriver\filesystemdriver package\x64\win7debug\inf2cat-expand.6840.write.1.tlog
c:\users\a1exdandy1\documents\visual studio 2013\projects\filesystemdriver\filesystemdriver package\x64\win7debug\inf2cat-expand.6888.read.1.tlog
c:\users\a1exdandy1\documents\visual studio 2013\projects\filesystemdriver\filesystemdriver package\x64\win7debug\inf2cat-expand.6888.write.1.tlog
c:\users\a1exdandy1\documents\visual studio 2013\projects\filesystemdriver\filesystemdriver package\x64\win7debug\inf2cat-expand.6968.read.1.tlog
c:\users\a1exdandy1\documents\visual studio 2013\projects\filesystemdriver\filesystemdriver package\x64\win7debug\inf2cat-expand.6968.write.1.tlog
c:\users\a1exdandy1\documents\visual studio 2013\projects\filesystemdriver\filesystemdriver package\x64\win7debug\inf2cat-expand.7068.read.1.tlog
c:\users\a1exdandy1\documents\visual studio 2013\projects\filesystemdriver\filesystemdriver package\x64\win7debug\inf2cat-expand.7068.write.1.tlog
c:\users\a1exdandy1\documents\visual studio 2013\projects\filesystemdriver\filesystemdriver package\x64\win7debug\inf2cat-expand.7208.read.1.tlog
c:\users\a1exdandy1\documents\visual studio 2013\projects\filesystemdriver\filesystemdriver package\x64\win7debug\inf2cat-expand.7208.write.1.tlog
c:\users\a1exdandy1\documents\visual studio 2013\projects\filesystemdriver\filesystemdriver package\x64\win7debug\inf2cat-expand.7224.read.1.tlog
c:\users\a1exdandy1\documents\visual studio 2013\projects\filesystemdriver\filesystemdriver package\x64\win7debug\inf2cat-expand.7224.write.1.tlog
c:\users\a1exdandy1\documents\visual studio 2013\projects\filesystemdriver\filesystemdriver package\x64\win7debug\inf2cat-expand.7272.read.1.tlog
c:\users\a1exdandy1\documents\visual studio 2013\projects\filesystemdriver\filesystemdriver package\x64\win7debug\inf2cat-expand.7272.write.1.tlog
c:\users\a1exdandy1\documents\visual studio 2013\projects\filesystemdriver\filesystemdriver package\x64\win7debug\inf2cat-expand.7276.read.1.tlog
c:\users\a1exdandy1\documents\visual studio 2013\projects\filesystemdriver\filesystemdriver package\x64\win7debug\inf2cat-expand.7276.write.1.tlog
c:\users\a1exdandy1\documents\visual studio 2013\projects\filesystemdriver\filesystemdriver package\x64\win7debug\inf2cat-expand.7324.read.1.tlog
c:\users\a1exdandy1\documents\visual studio 2013\projects\filesystemdriver\filesystemdriver package\x64\win7debug\inf2cat-expand.7324.write.1.tlog
c:\users\a1exdandy1\documents\visual studio 2013\projects\filesystemdriver\filesystemdriver package\x64\win7debug\inf2cat-expand.7392.read.1.tlog
c:\users\a1exdandy1\documents\visual studio 2013\projects\filesystemdriver\filesystemdriver package\x64\win7debug\inf2cat-expand.7392.write.1.tlog
c:\users\a1exdandy1\documents\visual studio 2013\projects\filesystemdriver\filesystemdriver package\x64\win7debug\inf2cat-expand.7452.read.1.tlog
c:\users\a1exdandy1\documents\visual studio 2013\projects\filesystemdriver\filesystemdriver package\x64\win7debug\inf2cat-expand.7452.write.1.tlog
c:\users\a1exdandy1\documents\visual studio 2013\projects\filesystemdriver\filesystemdriver package\x64\win7debug\inf2cat-expand.7520.read.1.tlog
c:\users\a1exdandy1\documents\visual studio 2013\projects\filesystemdriver\filesystemdriver package\x64\win7debug\inf2cat-expand.7520.write.1.tlog
c:\users\a1exdandy1\documents\visual studio 2013\projects\filesystemdriver\filesystemdriver package\x64\win7debug\inf2cat-expand.7532.read.1.tlog
c:\users\a1exdandy1\documents\visual studio 2013\projects\filesystemdriver\filesystemdriver package\x64\win7debug\inf2cat-expand.7532.write.1.tlog
c:\users\a1exdandy1\documents\visual studio 2013\projects\filesystemdriver\filesystemdriver package\x64\win7debug\inf2cat-expand.7560.read.1.tlog
c:\users\a1exdandy1\documents\visual studio 2013\projects\filesystemdriver\filesystemdriver package\x64\win7debug\inf2cat-expand.7560.write.1.tlog
c:\users\a1exdandy1\documents\visual studio 2013\projects\filesystemdriver\filesystemdriver package\x64\win7debug\inf2cat-expand.7580.read.1.tlog
c:\users\a1exdandy1\documents\visual studio 2013\projects\filesystemdriver\filesystemdriver package\x64\win7debug\inf2cat-expand.7580.write.1.tlog
c:\users\a1exdandy1\documents\visual studio 2013\projects\filesystemdriver\filesystemdriver package\x64\win7debug\inf2cat-expand.7684.read.1.tlog
c:\users\a1exdandy1\documents\visual studio 2013\projects\filesystemdriver\filesystemdriver package\x64\win7debug\inf2cat-expand.7684.write.1.tlog
c:\users\a1exdandy1\documents\visual studio 2013\projects\filesystemdriver\filesystemdriver package\x64\win7debug\inf2cat-expand.7692.read.1.tlog
c:\users\a1exdandy1\documents\visual studio 2013\projects\filesystemdriver\filesystemdriver package\x64\win7debug\inf2cat-expand.7692.write.1.tlog
c:\users\a1exdandy1\documents\visual studio 2013\projects\filesystemdriver\filesystemdriver package\x64\win7debug\inf2cat-expand.7696.read.1.tlog
c:\users\a1exdandy1\documents\visual studio 2013\projects\filesystemdriver\filesystemdriver package\x64\win7debug\inf2cat-expand.7696.write.1.tlog
c:\users\a1exdandy1\documents\visual studio 2013\projects\filesystemdriver\filesystemdriver package\x64\win7debug\inf2cat-expand.7724.read.1.tlog
c:\users\a1exdandy1\documents\visual studio 2013\projects\filesystemdriver\filesystemdriver package\x64\win7debug\inf2cat-expand.7724.write.1.tlog
c:\users\a1exdandy1\documents\visual studio 2013\projects\filesystemdriver\filesystemdriver package\x64\win7debug\inf2cat-expand.7848.read.1.tlog
c:\users\a1exdandy1\documents\visual studio 2013\projects\filesystemdriver\filesystemdriver package\x64\win7debug\inf2cat-expand.7848.write.1.tlog
c:\users\a1exdandy1\documents\visual studio 2013\projects\filesystemdriver\filesystemdriver package\x64\win7debug\inf2cat-expand.7856.read.1.tlog
c:\users\a1exdandy1\documents\visual studio 2013\projects\filesystemdriver\filesystemdriver package\x64\win7debug\inf2cat-expand.7856.write.1.tlog
c:\users\a1exdandy1\documents\visual studio 2013\projects\filesystemdriver\filesystemdriver package\x64\win7debug\inf2cat-expand.7892.read.1.tlog
c:\users\a1exdandy1\documents\visual studio 2013\projects\filesystemdriver\filesystemdriver package\x64\win7debug\inf2cat-expand.7892.write.1.tlog
c:\users\a1exdandy1\documents\visual studio 2013\projects\filesystemdriver\filesystemdriver package\x64\win7debug\inf2cat-expand.7932.read.1.tlog
c:\users\a1exdandy1\documents\visual studio 2013\projects\filesystemdriver\filesystemdriver package\x64\win7debug\inf2cat-expand.7932.write.1.tlog
c:\users\a1exdandy1\documents\visual studio 2013\projects\filesystemdriver\filesystemdriver package\x64\win7debug\inf2cat-expand.7960.read.1.tlog
c:\users\a1exdandy1\documents\visual studio 2013\projects\filesystemdriver\filesystemdriver package\x64\win7debug\inf2cat-expand.7960.write.1.tlog
c:\users\a1exdandy1\documents\visual studio 2013\projects\filesystemdriver\filesystemdriver package\x64\win7debug\inf2cat-expand.8068.read.1.tlog
c:\users\a1exdandy1\documents\visual studio 2013\projects\filesystemdriver\filesystemdriver package\x64\win7debug\inf2cat-expand.8068.write.1.tlog
c:\users\a1exdandy1\documents\visual studio 2013\projects\filesystemdriver\filesystemdriver package\x64\win7debug\inf2cat-expand.8076.read.1.tlog
c:\users\a1exdandy1\documents\visual studio 2013\projects\filesystemdriver\filesystemdriver package\x64\win7debug\inf2cat-expand.8076.write.1.tlog
c:\users\a1exdandy1\documents\visual studio 2013\projects\filesystemdriver\filesystemdriver package\x64\win7debug\inf2cat-expand.8132.read.1.tlog
c:\users\a1exdandy1\documents\visual studio 2013\projects\filesystemdriver\filesystemdriver package\x64\win7debug\inf2cat-expand.8132.write.1.tlog
c:\users\a1exdandy1\documents\visual studio 2013\projects\filesystemdriver\filesystemdriver package\x64\win7debug\inf2cat-expand.8160.read.1.tlog
c:\users\a1exdandy1\documents\visual studio 2013\projects\filesystemdriver\filesystemdriver package\x64\win7debug\inf2cat-expand.8160.write.1.tlog
c:\users\a1exdandy1\documents\visual studio 2013\projects\filesystemdriver\filesystemdriver package\x64\win7debug\inf2cat-expand.860.read.1.tlog
c:\users\a1exdandy1\documents\visual studio 2013\projects\filesystemdriver\filesystemdriver package\x64\win7debug\inf2cat-expand.860.write.1.tlog
c:\users\a1exdandy1\documents\visual studio 2013\projects\filesystemdriver\filesystemdriver package\x64\win7debug\inf2cat-expand.916.read.1.tlog
c:\users\a1exdandy1\documents\visual studio 2013\projects\filesystemdriver\filesystemdriver package\x64\win7debug\inf2cat-expand.916.write.1.tlog
c:\users\a1exdandy1\documents\visual studio 2013\projects\filesystemdriver\filesystemdriver package\x64\win7debug\inf2cat-expand.924.read.1.tlog
c:\users\a1exdandy1\documents\visual studio 2013\projects\filesystemdriver\filesystemdriver package\x64\win7debug\inf2cat-expand.924.write.1.tlog
c:\users\a1exdandy1\documents\visual studio 2013\projects\filesystemdriver\filesystemdriver package\x64\win7debug\inf2cat-expand.read.1.tlog
c:\users\a1exdandy1\documents\visual studio 2013\projects\filesystemdriver\filesystemdriver package\x64\win7debug\inf2cat-expand.write.1.tlog
c:\users\a1exdandy1\documents\visual studio 2013\projects\filesystemdriver\filesystemdriver package\x64\win7debug\inf2cat.command.1.tlog
c:\users\a1exdandy1\documents\visual studio 2013\projects\filesystemdriver\filesystemdriver package\x64\win7debug\inf2cat.read.1.tlog
c:\users\a1exdandy1\documents\visual studio 2013\projects\filesystemdriver\filesystemdriver package\x64\win7debug\inf2cat.read.8.tlog
c:\users\a1exdandy1\documents\visual studio 2013\projects\filesystemdriver\filesystemdriver package\x64\win7debug\inf2cat.write.1.tlog
c:\users\a1exdandy1\documents\visual studio 2013\projects\filesystemdriver\filesystemdriver package\x64\win7debug\inf2cat.write.8.tlog
c:\users\a1exdandy1\documents\visual studio 2013\projects\filesystemdriver\filesystemdriver package\x64\win7debug\signtool.command.1.tlog
c:\users\a1exdandy1\documents\visual studio 2013\projects\filesystemdriver\filesystemdriver package\x64\win7debug\signtool.read.1.tlog
c:\users\a1exdandy1\documents\visual studio 2013\projects\filesystemdriver\filesystemdriver package\x64\win7debug\signtool.write.1.tlog
